<?xml version="1.0" encoding="UTF-8"?>
<testng-results skipped="0" failed="0" ignored="0" total="1" passed="1">
  <reporter-output>
  </reporter-output>
  <suite name="Default suite" duration-ms="1908" started-at="2021-05-16T18:57:54 IST" finished-at="2021-05-16T18:57:56 IST">
    <groups>
    </groups>
    <test name="Default test" duration-ms="1908" started-at="2021-05-16T18:57:54 IST" finished-at="2021-05-16T18:57:56 IST">
      <class name="resttest.demoRest">
        <test-method status="PASS" signature="test()[pri:0, instance:resttest.demoRest@15d0c81b]" name="test" duration-ms="1866" started-at="2021-05-16T18:57:54 IST" finished-at="2021-05-16T18:57:56 IST">
          <reporter-output>
          </reporter-output>
        </test-method> <!-- test -->
      </class> <!-- resttest.demoRest -->
    </test> <!-- Default test -->
  </suite> <!-- Default suite -->
</testng-results>
